<?xml version="1.0" encoding="UTF-8"?>
<Site BuildName="(empty)"
	BuildStamp="20260507-0802-Experimental"
	Name="hungubuntu-gf63"
	Generator="ctest-3.22.1"
	CompilerName="/usr/bin/g++"
	CompilerVersion="11.4.0"
	OSName="Linux"
	Hostname="hungubuntu-gf63"
	OSRelease="6.8.0-110-generic"
	OSVersion="#110~22.04.1-Ubuntu SMP PREEMPT_DYNAMIC Fri Mar 27 12:43:08 UTC "
	OSPlatform="x86_64"
	Is64Bits="1"
	VendorString="GenuineIntel"
	VendorID="Intel Corporation"
	FamilyID="6"
	ModelID="165"
	ProcessorCacheSize="12288"
	NumberOfLogicalCPU="12"
	NumberOfPhysicalCPU="6"
	TotalVirtualMemory="2047"
	TotalPhysicalMemory="7760"
	LogicalProcessorsPerPhysical="2"
	ProcessorClockFrequency="4199.98"
	>
	<Testing>
		<StartDateTime>May 07 15:07 +07</StartDateTime>
		<StartTestTime>1778141262</StartTestTime>
		<TestList/>
		<EndDateTime>May 07 15:07 +07</EndDateTime>
		<EndTestTime>1778141262</EndTestTime>
		<ElapsedMinutes>0</ElapsedMinutes>
	</Testing>
</Site>
