<?xml version="1.0" encoding="UTF-8"?>
<Site BuildName="(empty)"
	BuildStamp="20260514-0231-Experimental"
	Name="hungubuntu-gf63"
	Generator="ctest-3.22.1"
	CompilerName="/usr/bin/g++"
	CompilerVersion="11.4.0"
	OSName="Linux"
	Hostname="hungubuntu-gf63"
	OSRelease="6.8.0-111-generic"
	OSVersion="#111~22.04.1-Ubuntu SMP PREEMPT_DYNAMIC Tue Apr 14 17:13:45 UTC "
	OSPlatform="x86_64"
	Is64Bits="1"
	VendorString="GenuineIntel"
	VendorID="Intel Corporation"
	FamilyID="6"
	ModelID="165"
	ProcessorCacheSize="12288"
	NumberOfLogicalCPU="12"
	NumberOfPhysicalCPU="6"
	TotalVirtualMemory="2047"
	TotalPhysicalMemory="7760"
	LogicalProcessorsPerPhysical="2"
	ProcessorClockFrequency="4213.2"
	>
	<Testing>
		<StartDateTime>May 14 09:39 +07</StartDateTime>
		<StartTestTime>1778726395</StartTestTime>
		<TestList/>
		<EndDateTime>May 14 09:39 +07</EndDateTime>
		<EndTestTime>1778726395</EndTestTime>
		<ElapsedMinutes>0</ElapsedMinutes>
	</Testing>
</Site>
